生成启动时间为 2016/12/22 星期四 下午 4:13:55。
     1>项目“F:\Git\learn_files\lab\Pelco_Server_interface\Pelco_Server\Pelco_Server.vcxproj”在节点 2 上(Build 个目标)。
     1>ClCompile:
         D:\Program Files\Microsoft Visual Studio 12.0\VC\bin\CL.exe /c /I"D:\Program Files\MySQL\MySQL Server 5.5\include" /Zi /nologo /W3 /WX- /sdl /O2 /Oi /Oy- /GL /D WIN32 /D _WINDOWS /D NDEBUG /D _MBCS /Gm- /EHsc /MT /GS /Gy /fp:precise /Zc:wchar_t /Zc:forScope /Yc"stdafx.h" /Fp"Release\Pelco_Server.pch" /Fo"Release\\" /Fd"Release\vc120.pdb" /Gd /TP /analyze- /errorReport:prompt stdafx.cpp
         stdafx.cpp
     1>D:\Program Files\Microsoft Visual Studio 12.0\VC\atlmfc\include\afx.h(38): warning C4996: 'MBCS_Support_Deprecated_In_MFC': MBCS support in MFC is deprecated and may be removed in a future version of MFC.
                 D:\Program Files\Microsoft Visual Studio 12.0\VC\atlmfc\include\afx.h(33) : 参见“MBCS_Support_Deprecated_In_MFC”的声明
         D:\Program Files\Microsoft Visual Studio 12.0\VC\bin\CL.exe /c /I"D:\Program Files\MySQL\MySQL Server 5.5\include" /Zi /nologo /W3 /WX- /sdl /O2 /Oi /Oy- /GL /D WIN32 /D _WINDOWS /D NDEBUG /D _MBCS /Gm- /EHsc /MT /GS /Gy /fp:precise /Zc:wchar_t /Zc:forScope /Fo"Release\\" /Fd"Release\vc120.pdb" /Gd /TP /analyze- /errorReport:prompt ColorButton.cpp DynamicLED.cpp HandleTrack.cpp hezhong.cpp ini.cpp Logger.cpp MatrixStatic.cpp Pelco_Server.cpp Pelco_ServerDlg.cpp ping.cpp soapC.cpp soapClient.cpp stdsoap2.cpp
         ColorButton.cpp
     1>D:\Program Files\Microsoft Visual Studio 12.0\VC\atlmfc\include\afx.h(38): warning C4996: 'MBCS_Support_Deprecated_In_MFC': MBCS support in MFC is deprecated and may be removed in a future version of MFC.
                 D:\Program Files\Microsoft Visual Studio 12.0\VC\atlmfc\include\afx.h(33) : 参见“MBCS_Support_Deprecated_In_MFC”的声明
         DynamicLED.cpp
     1>D:\Program Files\Microsoft Visual Studio 12.0\VC\atlmfc\include\afx.h(38): warning C4996: 'MBCS_Support_Deprecated_In_MFC': MBCS support in MFC is deprecated and may be removed in a future version of MFC.
                 D:\Program Files\Microsoft Visual Studio 12.0\VC\atlmfc\include\afx.h(33) : 参见“MBCS_Support_Deprecated_In_MFC”的声明
         HandleTrack.cpp
     1>D:\Program Files\Microsoft Visual Studio 12.0\VC\atlmfc\include\afx.h(38): warning C4996: 'MBCS_Support_Deprecated_In_MFC': MBCS support in MFC is deprecated and may be removed in a future version of MFC.
                 D:\Program Files\Microsoft Visual Studio 12.0\VC\atlmfc\include\afx.h(33) : 参见“MBCS_Support_Deprecated_In_MFC”的声明
         hezhong.cpp
     1>D:\Program Files\Microsoft Visual Studio 12.0\VC\atlmfc\include\afx.h(38): warning C4996: 'MBCS_Support_Deprecated_In_MFC': MBCS support in MFC is deprecated and may be removed in a future version of MFC.
                 D:\Program Files\Microsoft Visual Studio 12.0\VC\atlmfc\include\afx.h(33) : 参见“MBCS_Support_Deprecated_In_MFC”的声明
         ini.cpp
     1>D:\Program Files\Microsoft Visual Studio 12.0\VC\atlmfc\include\afx.h(38): warning C4996: 'MBCS_Support_Deprecated_In_MFC': MBCS support in MFC is deprecated and may be removed in a future version of MFC.
                 D:\Program Files\Microsoft Visual Studio 12.0\VC\atlmfc\include\afx.h(33) : 参见“MBCS_Support_Deprecated_In_MFC”的声明
         Logger.cpp
     1>D:\Program Files\Microsoft Visual Studio 12.0\VC\atlmfc\include\afx.h(38): warning C4996: 'MBCS_Support_Deprecated_In_MFC': MBCS support in MFC is deprecated and may be removed in a future version of MFC.
                 D:\Program Files\Microsoft Visual Studio 12.0\VC\atlmfc\include\afx.h(33) : 参见“MBCS_Support_Deprecated_In_MFC”的声明
         MatrixStatic.cpp
     1>D:\Program Files\Microsoft Visual Studio 12.0\VC\atlmfc\include\afx.h(38): warning C4996: 'MBCS_Support_Deprecated_In_MFC': MBCS support in MFC is deprecated and may be removed in a future version of MFC.
                 D:\Program Files\Microsoft Visual Studio 12.0\VC\atlmfc\include\afx.h(33) : 参见“MBCS_Support_Deprecated_In_MFC”的声明
         Pelco_Server.cpp
     1>D:\Program Files\Microsoft Visual Studio 12.0\VC\atlmfc\include\afx.h(38): warning C4996: 'MBCS_Support_Deprecated_In_MFC': MBCS support in MFC is deprecated and may be removed in a future version of MFC.
                 D:\Program Files\Microsoft Visual Studio 12.0\VC\atlmfc\include\afx.h(33) : 参见“MBCS_Support_Deprecated_In_MFC”的声明
         Pelco_ServerDlg.cpp
     1>D:\Program Files\Microsoft Visual Studio 12.0\VC\atlmfc\include\afx.h(38): warning C4996: 'MBCS_Support_Deprecated_In_MFC': MBCS support in MFC is deprecated and may be removed in a future version of MFC.
                 D:\Program Files\Microsoft Visual Studio 12.0\VC\atlmfc\include\afx.h(33) : 参见“MBCS_Support_Deprecated_In_MFC”的声明
     1>Pelco_ServerDlg.cpp(561): warning C4309: “初始化”: 截断常量值
     1>Pelco_ServerDlg.cpp(582): warning C4309: “初始化”: 截断常量值
     1>Pelco_ServerDlg.cpp(832): warning C4018: “<”: 有符号/无符号不匹配
     1>Pelco_ServerDlg.cpp(1067): warning C4800: “BOOL”: 将值强制为布尔值“true”或“false”(性能警告)
     1>Pelco_ServerDlg.cpp(1096): warning C4800: “BOOL”: 将值强制为布尔值“true”或“false”(性能警告)
     1>Pelco_ServerDlg.cpp(1099): warning C4800: “BOOL”: 将值强制为布尔值“true”或“false”(性能警告)
     1>Pelco_ServerDlg.cpp(1112): warning C4800: “BOOL”: 将值强制为布尔值“true”或“false”(性能警告)
     1>Pelco_ServerDlg.cpp(1124): warning C4800: “BOOL”: 将值强制为布尔值“true”或“false”(性能警告)
     1>Pelco_ServerDlg.cpp(1136): warning C4800: “BOOL”: 将值强制为布尔值“true”或“false”(性能警告)
     1>Pelco_ServerDlg.cpp(1209): warning C4309: “初始化”: 截断常量值
     1>Pelco_ServerDlg.cpp(1310): warning C4018: “<”: 有符号/无符号不匹配
     1>Pelco_ServerDlg.cpp(1673): warning C4018: “<”: 有符号/无符号不匹配
         ping.cpp
     1>D:\Program Files\Microsoft Visual Studio 12.0\VC\atlmfc\include\afx.h(38): warning C4996: 'MBCS_Support_Deprecated_In_MFC': MBCS support in MFC is deprecated and may be removed in a future version of MFC.
                 D:\Program Files\Microsoft Visual Studio 12.0\VC\atlmfc\include\afx.h(33) : 参见“MBCS_Support_Deprecated_In_MFC”的声明
         soapC.cpp
         soapClient.cpp
         stdsoap2.cpp
     1>stdsoap2.cpp(13785): warning C4056: 浮点常量算术溢出
     1>stdsoap2.cpp(13953): warning C4056: 浮点常量算术溢出
       ResourceCompile:
         C:\Program Files (x86)\Windows Kits\8.1\bin\x86\rc.exe /D NDEBUG /l"0x0804" /IRelease\ /nologo /fo"Release\Pelco_Server.res" Pelco_Server.rc 
       Link:
         D:\Program Files\Microsoft Visual Studio 12.0\VC\bin\link.exe /ERRORREPORT:PROMPT /OUT:"F:\Git\learn_files\lab\Pelco_Server_interface\Release\Pelco_Server.exe" /INCREMENTAL:NO /NOLOGO /MANIFEST /MANIFESTUAC:"level='asInvoker' uiAccess='false'" /manifest:embed /manifestinput:"D:\Program Files\Microsoft Visual Studio 12.0\VC\Include\Manifest\dpiaware.manifest" /DEBUG /PDB:"F:\Git\learn_files\lab\Pelco_Server_interface\Release\Pelco_Server.pdb" /SUBSYSTEM:WINDOWS /OPT:REF /OPT:ICF /LTCG /TLBID:1 /DYNAMICBASE /NXCOMPAT /IMPLIB:"F:\Git\learn_files\lab\Pelco_Server_interface\Release\Pelco_Server.lib" /MACHINE:X86 /SAFESEH Release\Pelco_Server.res
         Release\ColorButton.obj
         Release\DynamicLED.obj
         Release\HandleTrack.obj
         Release\hezhong.obj
         Release\ini.obj
         Release\Logger.obj
         Release\MatrixStatic.obj
         Release\Pelco_Server.obj
         Release\Pelco_ServerDlg.obj
         Release\ping.obj
         Release\soapC.obj
         Release\soapClient.obj
         Release\stdafx.obj
         Release\stdsoap2.obj
         正在生成代码
     1>f:\git\learn_files\lab\pelco_server_interface\pelco_server\pelco_serverdlg.cpp(1844): warning C4715: “CPelco_ServerDlg::getMemberTrack”: 不是所有的控件路径都返回值
     1>f:\git\learn_files\lab\pelco_server_interface\pelco_server\pelco_serverdlg.cpp(1810): warning C4715: “CPelco_ServerDlg::getMemberTrack”: 不是所有的控件路径都返回值
         已完成代码的生成
         Pelco_Server.vcxproj -> F:\Git\learn_files\lab\Pelco_Server_interface\Release\Pelco_Server.exe
     1>已完成生成项目“F:\Git\learn_files\lab\Pelco_Server_interface\Pelco_Server\Pelco_Server.vcxproj”(Build 个目标)的操作。

生成成功。

已用时间 00:00:37.56
